[18Apr2026 12:55:13.337] [User Authenticator #87/INFO] [net.minecraft.server.network.ServerLoginPacketListenerImpl/]: UUID of player Elsey052 is 741f6b7f-3fc7-49ab-8f4c-2241972dbd79
[18Apr2026 12:55:16.069] [Server thread/INFO] [net.minecraft.server.players.PlayerList/]: Elsey052[/127.66.252.5:51103] logged in with entity id 962566 at (-1683.588512563002, 117.0, 305.1205283372079)
[18Apr2026 12:55:16.074] [Server thread/INFO] [net.minecraft.server.MinecraftServer/]: Elsey052 joined the game
[18Apr2026 12:55:17.278] [Netty Epoll Server IO #13/ERROR] [dev.architectury.networking.forge.NetworkManagerImpl/]: Unknown message ID: quickskin:texture_chunk
[18Apr2026 12:55:17.279] [Netty Epoll Server IO #13/ERROR] [dev.architectury.networking.forge.NetworkManagerImpl/]: Unknown message ID: quickskin:update_appearance
[18Apr2026 12:55:30.873] [Server thread/ERROR] [net.minecraft.world.level.redstone.CollectingNeighborUpdater/]: Too many chained neighbor updates. Skipping the rest. First skipped position: -1790, 131, 422
[18Apr2026 12:55:30.873] [Server thread/ERROR] [net.minecraft.world.level.redstone.CollectingNeighborUpdater/]: Too many chained neighbor updates. Skipping the rest. First skipped position: -1788, 131, 422
[18Apr2026 12:55:30.873] [Server thread/ERROR] [net.minecraft.world.level.redstone.CollectingNeighborUpdater/]: Too many chained neighbor updates. Skipping the rest. First skipped position: -1789, 131, 421
[18Apr2026 12:55:30.873] [Server thread/ERROR] [net.minecraft.world.level.redstone.CollectingNeighborUpdater/]: Too many chained neighbor updates. Skipping the rest. First skipped position: -1789, 131, 423
[18Apr2026 12:55:30.873] [Server thread/ERROR] [net.minecraft.world.level.redstone.CollectingNeighborUpdater/]: Too many chained neighbor updates. Skipping the rest. First skipped position: -1789, 130, 422
[18Apr2026 12:55:30.873] [Server thread/ERROR] [net.minecraft.world.level.redstone.CollectingNeighborUpdater/]: Too many chained neighbor updates. Skipping the rest. First skipped position: -1789, 132, 422
[18Apr2026 12:55:30.873] [Server thread/ERROR] [net.minecraft.world.level.redstone.CollectingNeighborUpdater/]: Too many chained neighbor updates. Skipping the rest. First skipped position: -1788, 131, 420
[18Apr2026 12:55:30.873] [Server thread/ERROR] [net.minecraft.world.level.redstone.CollectingNeighborUpdater/]: Too many chained neighbor updates. Skipping the rest. First skipped position: -1786, 131, 420
[18Apr2026 12:55:30.873] [Server thread/ERROR] [net.minecraft.world.level.redstone.CollectingNeighborUpdater/]: Too many chained neighbor updates. Skipping the rest. First skipped position: -1787, 131, 419
[18Apr2026 12:55:30.873] [Server thread/ERROR] [net.minecraft.world.level.redstone.CollectingNeighborUpdater/]: Too many chained neighbor updates. Skipping the rest. First skipped position: -1787, 131, 421
[18Apr2026 12:55:30.873] [Server thread/ERROR] [net.minecraft.world.level.redstone.CollectingNeighborUpdater/]: Too many chained neighbor updates. Skipping the rest. First skipped position: -1787, 130, 420
[18Apr2026 12:55:30.873] [Server thread/ERROR] [net.minecraft.world.level.redstone.CollectingNeighborUpdater/]: Too many chained neighbor updates. Skipping the rest. First skipped position: -1787, 132, 420
[18Apr2026 12:55:30.873] [Server thread/ERROR] [net.minecraft.world.level.redstone.CollectingNeighborUpdater/]: Too many chained neighbor updates. Skipping the rest. First skipped position: -1790, 131, 420
[18Apr2026 12:55:30.873] [Server thread/ERROR] [net.minecraft.world.level.redstone.CollectingNeighborUpdater/]: Too many chained neighbor updates. Skipping the rest. First skipped position: -1788, 131, 420
[18Apr2026 12:55:30.873] [Server thread/ERROR] [net.minecraft.world.level.redstone.CollectingNeighborUpdater/]: Too many chained neighbor updates. Skipping the rest. First skipped position: -1789, 131, 419
[18Apr2026 12:55:30.873] [Server thread/ERROR] [net.minecraft.world.level.redstone.CollectingNeighborUpdater/]: Too many chained neighbor updates. Skipping the rest. First skipped position: -1789, 131, 421
[18Apr2026 12:55:30.873] [Server thread/ERROR] [net.minecraft.world.level.redstone.CollectingNeighborUpdater/]: Too many chained neighbor updates. Skipping the rest. First skipped position: -1789, 130, 420
[18Apr2026 12:55:30.873] [Server thread/ERROR] [net.minecraft.world.level.redstone.CollectingNeighborUpdater/]: Too many chained neighbor updates. Skipping the rest. First skipped position: -1789, 132, 420
[18Apr2026 12:55:30.874] [Server thread/ERROR] [net.minecraft.world.level.redstone.CollectingNeighborUpdater/]: Too many chained neighbor updates. Skipping the rest. First skipped position: -1788, 131, 428
[18Apr2026 12:55:30.874] [Server thread/ERROR] [net.minecraft.world.level.redstone.CollectingNeighborUpdater/]: Too many chained neighbor updates. Skipping the rest. First skipped position: -1786, 131, 428
[18Apr2026 12:55:30.874] [Server thread/ERROR] [net.minecraft.world.level.redstone.CollectingNeighborUpdater/]: Too many chained neighbor updates. Skipping the rest. First skipped position: -1787, 131, 427
[18Apr2026 12:55:30.874] [Server thread/ERROR] [net.minecraft.world.level.redstone.CollectingNeighborUpdater/]: Too many chained neighbor updates. Skipping the rest. First skipped position: -1787, 131, 429
[18Apr2026 12:55:30.874] [Server thread/ERROR] [net.minecraft.world.level.redstone.CollectingNeighborUpdater/]: Too many chained neighbor updates. Skipping the rest. First skipped position: -1787, 130, 428
[18Apr2026 12:55:30.874] [Server thread/ERROR] [net.minecraft.world.level.redstone.CollectingNeighborUpdater/]: Too many chained neighbor updates. Skipping the rest. First skipped position: -1787, 132, 428
[18Apr2026 12:55:30.874] [Server thread/ERROR] [net.minecraft.world.level.redstone.CollectingNeighborUpdater/]: Too many chained neighbor updates. Skipping the rest. First skipped position: -1790, 131, 428
[18Apr2026 12:55:30.874] [Server thread/ERROR] [net.minecraft.world.level.redstone.CollectingNeighborUpdater/]: Too many chained neighbor updates. Skipping the rest. First skipped position: -1788, 131, 428
[18Apr2026 12:55:30.874] [Server thread/ERROR] [net.minecraft.world.level.redstone.CollectingNeighborUpdater/]: Too many chained neighbor updates. Skipping the rest. First skipped position: -1789, 131, 427
[18Apr2026 12:55:30.874] [Server thread/ERROR] [net.minecraft.world.level.redstone.CollectingNeighborUpdater/]: Too many chained neighbor updates. Skipping the rest. First skipped position: -1789, 131, 429
[18Apr2026 12:55:30.874] [Server thread/ERROR] [net.minecraft.world.level.redstone.CollectingNeighborUpdater/]: Too many chained neighbor updates. Skipping the rest. First skipped position: -1789, 130, 428
[18Apr2026 12:55:30.874] [Server thread/ERROR] [net.minecraft.world.level.redstone.CollectingNeighborUpdater/]: Too many chained neighbor updates. Skipping the rest. First skipped position: -1789, 132, 428
[18Apr2026 12:55:30.874] [Server thread/ERROR] [net.minecraft.world.level.redstone.CollectingNeighborUpdater/]: Too many chained neighbor updates. Skipping the rest. First skipped position: -1788, 131, 426
[18Apr2026 12:55:30.874] [Server thread/ERROR] [net.minecraft.world.level.redstone.CollectingNeighborUpdater/]: Too many chained neighbor updates. Skipping the rest. First skipped position: -1786, 131, 426
[18Apr2026 12:55:30.874] [Server thread/ERROR] [net.minecraft.world.level.redstone.CollectingNeighborUpdater/]: Too many chained neighbor updates. Skipping the rest. First skipped position: -1787, 131, 425
[18Apr2026 12:55:30.874] [Server thread/ERROR] [net.minecraft.world.level.redstone.CollectingNeighborUpdater/]: Too many chained neighbor updates. Skipping the rest. First skipped position: -1787, 131, 427
[18Apr2026 12:55:30.874] [Server thread/ERROR] [net.minecraft.world.level.redstone.CollectingNeighborUpdater/]: Too many chained neighbor updates. Skipping the rest. First skipped position: -1787, 130, 426
[18Apr2026 12:55:30.874] [Server thread/ERROR] [net.minecraft.world.level.redstone.CollectingNeighborUpdater/]: Too many chained neighbor updates. Skipping the rest. First skipped position: -1787, 132, 426
[18Apr2026 12:55:30.874] [Server thread/ERROR] [net.minecraft.world.level.redstone.CollectingNeighborUpdater/]: Too many chained neighbor updates. Skipping the rest. First skipped position: -1790, 131, 426
[18Apr2026 12:55:30.874] [Server thread/ERROR] [net.minecraft.world.level.redstone.CollectingNeighborUpdater/]: Too many chained neighbor updates. Skipping the rest. First skipped position: -1788, 131, 426
[18Apr2026 12:55:30.874] [Server thread/ERROR] [net.minecraft.world.level.redstone.CollectingNeighborUpdater/]: Too many chained neighbor updates. Skipping the rest. First skipped position: -1789, 131, 425
[18Apr2026 12:55:30.874] [Server thread/ERROR] [net.minecraft.world.level.redstone.CollectingNeighborUpdater/]: Too many chained neighbor updates. Skipping the rest. First skipped position: -1789, 131, 427
[18Apr2026 12:55:30.874] [Server thread/ERROR] [net.minecraft.world.level.redstone.CollectingNeighborUpdater/]: Too many chained neighbor updates. Skipping the rest. First skipped position: -1789, 130, 426
[18Apr2026 12:55:30.874] [Server thread/ERROR] [net.minecraft.world.level.redstone.CollectingNeighborUpdater/]: Too many chained neighbor updates. Skipping the rest. First skipped position: -1789, 132, 426
[18Apr2026 12:55:30.874] [Server thread/ERROR] [net.minecraft.world.level.redstone.CollectingNeighborUpdater/]: Too many chained neighbor updates. Skipping the rest. First skipped position: -1788, 131, 424
[18Apr2026 12:55:30.874] [Server thread/ERROR] [net.minecraft.world.level.redstone.CollectingNeighborUpdater/]: Too many chained neighbor updates. Skipping the rest. First skipped position: -1786, 131, 424
[18Apr2026 12:55:30.874] [Server thread/ERROR] [net.minecraft.world.level.redstone.CollectingNeighborUpdater/]: Too many chained neighbor updates. Skipping the rest. First skipped position: -1787, 131, 423
[18Apr2026 12:55:30.874] [Server thread/ERROR] [net.minecraft.world.level.redstone.CollectingNeighborUpdater/]: Too many chained neighbor updates. Skipping the rest. First skipped position: -1787, 131, 425
[18Apr2026 12:55:30.874] [Server thread/ERROR] [net.minecraft.world.level.redstone.CollectingNeighborUpdater/]: Too many chained neighbor updates. Skipping the rest. First skipped position: -1787, 130, 424
[18Apr2026 12:55:30.874] [Server thread/ERROR] [net.minecraft.world.level.redstone.CollectingNeighborUpdater/]: Too many chained neighbor updates. Skipping the rest. First skipped position: -1787, 132, 424
[18Apr2026 12:55:30.874] [Server thread/ERROR] [net.minecraft.world.level.redstone.CollectingNeighborUpdater/]: Too many chained neighbor updates. Skipping the rest. First skipped position: -1790, 131, 424
[18Apr2026 12:55:30.874] [Server thread/ERROR] [net.minecraft.world.level.redstone.CollectingNeighborUpdater/]: Too many chained neighbor updates. Skipping the rest. First skipped position: -1788, 131, 424
[18Apr2026 12:55:30.874] [Server thread/ERROR] [net.minecraft.world.level.redstone.CollectingNeighborUpdater/]: Too many chained neighbor updates. Skipping the rest. First skipped position: -1789, 131, 423
[18Apr2026 12:55:30.874] [Server thread/ERROR] [net.minecraft.world.level.redstone.CollectingNeighborUpdater/]: Too many chained neighbor updates. Skipping the rest. First skipped position: -1789, 131, 425
[18Apr2026 12:55:30.874] [Server thread/ERROR] [net.minecraft.world.level.redstone.CollectingNeighborUpdater/]: Too many chained neighbor updates. Skipping the rest. First skipped position: -1789, 130, 424
[18Apr2026 12:55:30.874] [Server thread/ERROR] [net.minecraft.world.level.redstone.CollectingNeighborUpdater/]: Too many chained neighbor updates. Skipping the rest. First skipped position: -1789, 132, 424
[18Apr2026 12:55:30.874] [Server thread/ERROR] [net.minecraft.world.level.redstone.CollectingNeighborUpdater/]: Too many chained neighbor updates. Skipping the rest. First skipped position: -1788, 131, 422
[18Apr2026 12:55:30.874] [Server thread/ERROR] [net.minecraft.world.level.redstone.CollectingNeighborUpdater/]: Too many chained neighbor updates. Skipping the rest. First skipped position: -1786, 131, 422
[18Apr2026 12:55:30.874] [Server thread/ERROR] [net.minecraft.world.level.redstone.CollectingNeighborUpdater/]: Too many chained neighbor updates. Skipping the rest. First skipped position: -1787, 131, 421
[18Apr2026 12:55:30.874] [Server thread/ERROR] [net.minecraft.world.level.redstone.CollectingNeighborUpdater/]: Too many chained neighbor updates. Skipping the rest. First skipped position: -1787, 131, 423
[18Apr2026 12:55:30.874] [Server thread/ERROR] [net.minecraft.world.level.redstone.CollectingNeighborUpdater/]: Too many chained neighbor updates. Skipping the rest. First skipped position: -1787, 130, 422
[18Apr2026 12:55:30.874] [Server thread/ERROR] [net.minecraft.world.level.redstone.CollectingNeighborUpdater/]: Too many chained neighbor updates. Skipping the rest. First skipped position: -1787, 132, 422
[18Apr2026 12:55:30.874] [Server thread/ERROR] [net.minecraft.world.level.redstone.CollectingNeighborUpdater/]: Too many chained neighbor updates. Skipping the rest. First skipped position: -1790, 131, 423
[18Apr2026 12:55:30.874] [Server thread/ERROR] [net.minecraft.world.level.redstone.CollectingNeighborUpdater/]: Too many chained neighbor updates. Skipping the rest. First skipped position: -1788, 131, 423
[18Apr2026 12:55:30.874] [Server thread/ERROR] [net.minecraft.world.level.redstone.CollectingNeighborUpdater/]: Too many chained neighbor updates. Skipping the rest. First skipped position: -1789, 131, 422
[18Apr2026 12:55:30.874] [Server thread/ERROR] [net.minecraft.world.level.redstone.CollectingNeighborUpdater/]: Too many chained neighbor updates. Skipping the rest. First skipped position: -1789, 131, 424
[18Apr2026 12:55:30.874] [Server thread/ERROR] [net.minecraft.world.level.redstone.CollectingNeighborUpdater/]: Too many chained neighbor updates. Skipping the rest. First skipped position: -1789, 130, 423
[18Apr2026 12:55:30.874] [Server thread/ERROR] [net.minecraft.world.level.redstone.CollectingNeighborUpdater/]: Too many chained neighbor updates. Skipping the rest. First skipped position: -1789, 132, 423
[18Apr2026 12:55:30.874] [Server thread/ERROR] [net.minecraft.world.level.redstone.CollectingNeighborUpdater/]: Too many chained neighbor updates. Skipping the rest. First skipped position: -1788, 131, 421
[18Apr2026 12:55:30.874] [Server thread/ERROR] [net.minecraft.world.level.redstone.CollectingNeighborUpdater/]: Too many chained neighbor updates. Skipping the rest. First skipped position: -1786, 131, 421
[18Apr2026 12:55:30.874] [Server thread/ERROR] [net.minecraft.world.level.redstone.CollectingNeighborUpdater/]: Too many chained neighbor updates. Skipping the rest. First skipped position: -1787, 131, 420
[18Apr2026 12:55:30.874] [Server thread/ERROR] [net.minecraft.world.level.redstone.CollectingNeighborUpdater/]: Too many chained neighbor updates. Skipping the rest. First skipped position: -1787, 131, 422
[18Apr2026 12:55:30.874] [Server thread/ERROR] [net.minecraft.world.level.redstone.CollectingNeighborUpdater/]: Too many chained neighbor updates. Skipping the rest. First skipped position: -1787, 130, 421
[18Apr2026 12:55:30.874] [Server thread/ERROR] [net.minecraft.world.level.redstone.CollectingNeighborUpdater/]: Too many chained neighbor updates. Skipping the rest. First skipped position: -1787, 132, 421
[18Apr2026 12:55:30.874] [Server thread/ERROR] [net.minecraft.world.level.redstone.CollectingNeighborUpdater/]: Too many chained neighbor updates. Skipping the rest. First skipped position: -1790, 131, 421
[18Apr2026 12:55:30.874] [Server thread/ERROR] [net.minecraft.world.level.redstone.CollectingNeighborUpdater/]: Too many chained neighbor updates. Skipping the rest. First skipped position: -1788, 131, 421
[18Apr2026 12:55:30.874] [Server thread/ERROR] [net.minecraft.world.level.redstone.CollectingNeighborUpdater/]: Too many chained neighbor updates. Skipping the rest. First skipped position: -1789, 131, 420
[18Apr2026 12:55:30.874] [Server thread/ERROR] [net.minecraft.world.level.redstone.CollectingNeighborUpdater/]: Too many chained neighbor updates. Skipping the rest. First skipped position: -1789, 131, 422
[18Apr2026 12:55:30.874] [Server thread/ERROR] [net.minecraft.world.level.redstone.CollectingNeighborUpdater/]: Too many chained neighbor updates. Skipping the rest. First skipped position: -1789, 130, 421
[18Apr2026 12:55:30.874] [Server thread/ERROR] [net.minecraft.world.level.redstone.CollectingNeighborUpdater/]: Too many chained neighbor updates. Skipping the rest. First skipped position: -1789, 132, 421
[18Apr2026 12:55:30.874] [Server thread/ERROR] [net.minecraft.world.level.redstone.CollectingNeighborUpdater/]: Too many chained neighbor updates. Skipping the rest. First skipped position: -1788, 131, 427
[18Apr2026 12:55:30.874] [Server thread/ERROR] [net.minecraft.world.level.redstone.CollectingNeighborUpdater/]: Too many chained neighbor updates. Skipping the rest. First skipped position: -1786, 131, 427
[18Apr2026 12:55:30.874] [Server thread/ERROR] [net.minecraft.world.level.redstone.CollectingNeighborUpdater/]: Too many chained neighbor updates. Skipping the rest. First skipped position: -1787, 131, 426
[18Apr2026 12:55:30.874] [Server thread/ERROR] [net.minecraft.world.level.redstone.CollectingNeighborUpdater/]: Too many chained neighbor updates. Skipping the rest. First skipped position: -1787, 131, 428
[18Apr2026 12:55:30.874] [Server thread/ERROR] [net.minecraft.world.level.redstone.CollectingNeighborUpdater/]: Too many chained neighbor updates. Skipping the rest. First skipped position: -1787, 130, 427
[18Apr2026 12:55:30.874] [Server thread/ERROR] [net.minecraft.world.level.redstone.CollectingNeighborUpdater/]: Too many chained neighbor updates. Skipping the rest. First skipped position: -1787, 132, 427
[18Apr2026 12:55:30.874] [Server thread/ERROR] [net.minecraft.world.level.redstone.CollectingNeighborUpdater/]: Too many chained neighbor updates. Skipping the rest. First skipped position: -1790, 131, 427
[18Apr2026 12:55:30.874] [Server thread/ERROR] [net.minecraft.world.level.redstone.CollectingNeighborUpdater/]: Too many chained neighbor updates. Skipping the rest. First skipped position: -1788, 131, 427
[18Apr2026 12:55:30.874] [Server thread/ERROR] [net.minecraft.world.level.redstone.CollectingNeighborUpdater/]: Too many chained neighbor updates. Skipping the rest. First skipped position: -1789, 131, 426
[18Apr2026 12:55:30.874] [Server thread/ERROR] [net.minecraft.world.level.redstone.CollectingNeighborUpdater/]: Too many chained neighbor updates. Skipping the rest. First skipped position: -1789, 131, 428
[18Apr2026 12:55:30.874] [Server thread/ERROR] [net.minecraft.world.level.redstone.CollectingNeighborUpdater/]: Too many chained neighbor updates. Skipping the rest. First skipped position: -1789, 130, 427
[18Apr2026 12:55:30.874] [Server thread/ERROR] [net.minecraft.world.level.redstone.CollectingNeighborUpdater/]: Too many chained neighbor updates. Skipping the rest. First skipped position: -1789, 132, 427
[18Apr2026 12:55:30.874] [Server thread/ERROR] [net.minecraft.world.level.redstone.CollectingNeighborUpdater/]: Too many chained neighbor updates. Skipping the rest. First skipped position: -1788, 131, 425
[18Apr2026 12:55:30.874] [Server thread/ERROR] [net.minecraft.world.level.redstone.CollectingNeighborUpdater/]: Too many chained neighbor updates. Skipping the rest. First skipped position: -1786, 131, 425
[18Apr2026 12:55:30.874] [Server thread/ERROR] [net.minecraft.world.level.redstone.CollectingNeighborUpdater/]: Too many chained neighbor updates. Skipping the rest. First skipped position: -1787, 131, 424
[18Apr2026 12:55:30.874] [Server thread/ERROR] [net.minecraft.world.level.redstone.CollectingNeighborUpdater/]: Too many chained neighbor updates. Skipping the rest. First skipped position: -1787, 131, 426
[18Apr2026 12:55:30.874] [Server thread/ERROR] [net.minecraft.world.level.redstone.CollectingNeighborUpdater/]: Too many chained neighbor updates. Skipping the rest. First skipped position: -1787, 130, 425
[18Apr2026 12:55:30.874] [Server thread/ERROR] [net.minecraft.world.level.redstone.CollectingNeighborUpdater/]: Too many chained neighbor updates. Skipping the rest. First skipped position: -1787, 132, 425
[18Apr2026 12:55:30.874] [Server thread/ERROR] [net.minecraft.world.level.redstone.CollectingNeighborUpdater/]: Too many chained neighbor updates. Skipping the rest. First skipped position: -1790, 131, 425
[18Apr2026 12:55:30.874] [Server thread/ERROR] [net.minecraft.world.level.redstone.CollectingNeighborUpdater/]: Too many chained neighbor updates. Skipping the rest. First skipped position: -1788, 131, 425
[18Apr2026 12:55:30.874] [Server thread/ERROR] [net.minecraft.world.level.redstone.CollectingNeighborUpdater/]: Too many chained neighbor updates. Skipping the rest. First skipped position: -1789, 131, 424
[18Apr2026 12:55:30.874] [Server thread/ERROR] [net.minecraft.world.level.redstone.CollectingNeighborUpdater/]: Too many chained neighbor updates. Skipping the rest. First skipped position: -1789, 131, 426
[18Apr2026 12:55:30.874] [Server thread/ERROR] [net.minecraft.world.level.redstone.CollectingNeighborUpdater/]: Too many chained neighbor updates. Skipping the rest. First skipped position: -1789, 130, 425
[18Apr2026 12:55:30.874] [Server thread/ERROR] [net.minecraft.world.level.redstone.CollectingNeighborUpdater/]: Too many chained neighbor updates. Skipping the rest. First skipped position: -1789, 132, 425
[18Apr2026 12:55:30.874] [Server thread/ERROR] [net.minecraft.world.level.redstone.CollectingNeighborUpdater/]: Too many chained neighbor updates. Skipping the rest. First skipped position: -1788, 131, 423
[18Apr2026 12:55:30.874] [Server thread/ERROR] [net.minecraft.world.level.redstone.CollectingNeighborUpdater/]: Too many chained neighbor updates. Skipping the rest. First skipped position: -1786, 131, 423
[18Apr2026 12:55:30.874] [Server thread/ERROR] [net.minecraft.world.level.redstone.CollectingNeighborUpdater/]: Too many chained neighbor updates. Skipping the rest. First skipped position: -1787, 131, 422
[18Apr2026 12:55:30.874] [Server thread/ERROR] [net.minecraft.world.level.redstone.CollectingNeighborUpdater/]: Too many chained neighbor updates. Skipping the rest. First skipped position: -1787, 131, 424
[18Apr2026 12:55:30.874] [Server thread/ERROR] [net.minecraft.world.level.redstone.CollectingNeighborUpdater/]: Too many chained neighbor updates. Skipping the rest. First skipped position: -1787, 130, 423
[18Apr2026 12:55:30.874] [Server thread/ERROR] [net.minecraft.world.level.redstone.CollectingNeighborUpdater/]: Too many chained neighbor updates. Skipping the rest. First skipped position: -1787, 132, 423
[18Apr2026 13:09:51.508] [Server thread/INFO] [net.minecraft.world.entity.npc.Villager/]: Villager Villager['Weaponsmith'/962970, l='ServerLevel[world]', x=-1494.30, y=123.00, z=393.09] died, message: 'Weaponsmith hit the ground too hard'
[18Apr2026 13:42:59.896] [User Authenticator #88/INFO] [net.minecraft.server.network.ServerLoginPacketListenerImpl/]: UUID of player Flipster312 is a18034b3-82bd-4c0b-9776-faa78367d79f
[18Apr2026 13:43:02.413] [Server thread/INFO] [net.minecraft.server.players.PlayerList/]: Flipster312[/127.18.153.3:57453] logged in with entity id 973338 at (-1795.5949220562725, 130.0, 421.3754354957555)
[18Apr2026 13:43:02.418] [Server thread/INFO] [net.minecraft.server.MinecraftServer/]: Flipster312 joined the game
[18Apr2026 13:43:03.861] [Netty Epoll Server IO #15/ERROR] [dev.architectury.networking.forge.NetworkManagerImpl/]: Unknown message ID: quickskin:texture_chunk
[18Apr2026 13:43:03.862] [Netty Epoll Server IO #15/ERROR] [dev.architectury.networking.forge.NetworkManagerImpl/]: Unknown message ID: quickskin:update_appearance
[18Apr2026 13:51:41.866] [Server thread/INFO] [net.minecraft.server.network.ServerGamePacketListenerImpl/]: Flipster312 lost connection: Disconnected
[18Apr2026 13:51:41.866] [Server thread/INFO] [net.minecraft.server.MinecraftServer/]: Flipster312 left the game
[18Apr2026 14:53:15.811] [Server thread/INFO] [net.minecraft.server.network.ServerGamePacketListenerImpl/]: Elsey052 lost connection: Disconnected
[18Apr2026 14:53:15.811] [Server thread/INFO] [net.minecraft.server.MinecraftServer/]: Elsey052 left the game
[18Apr2026 17:17:43.546] [Server thread/INFO] [net.minecraft.server.MinecraftServer/]: Stopping the server
[18Apr2026 17:17:43.628] [Server thread/INFO] [net.minecraft.server.MinecraftServer/]: Stopping server
[18Apr2026 17:17:43.628] [Server thread/INFO] [net.minecraft.server.MinecraftServer/]: Saving players
[18Apr2026 17:17:43.628] [Server thread/INFO] [net.minecraft.server.MinecraftServer/]: Saving worlds
[18Apr2026 17:17:43.774] [Server thread/INFO] [net.minecraft.server.MinecraftServer/]: Saving chunks for level 'ServerLevel[world]'/minecraft:overworld
[18Apr2026 17:17:44.021] [Server thread/INFO] [net.minecraft.server.MinecraftServer/]: Saving chunks for level 'ServerLevel[world]'/minecraft:the_nether
[18Apr2026 17:17:44.022] [Server thread/INFO] [net.minecraft.server.MinecraftServer/]: Saving chunks for level 'ServerLevel[world]'/minecraft:the_end
[18Apr2026 17:17:44.048] [Server thread/INFO] [net.minecraft.server.MinecraftServer/]: Saving chunks for level 'ServerLevel[world]'/aether:the_aether
[18Apr2026 17:17:44.087] [Server thread/INFO] [net.minecraft.server.MinecraftServer/]: Saving chunks for level 'ServerLevel[world]'/twilightforest:twilight_forest
[18Apr2026 17:17:44.097] [Server thread/INFO] [net.minecraft.server.MinecraftServer/]: ThreadedAnvilChunkStorage (world): All chunks are saved
[18Apr2026 17:17:44.097] [Server thread/INFO] [net.minecraft.server.MinecraftServer/]: ThreadedAnvilChunkStorage (DIM-1): All chunks are saved
[18Apr2026 17:17:44.097] [Server thread/INFO] [net.minecraft.server.MinecraftServer/]: ThreadedAnvilChunkStorage (DIM1): All chunks are saved
[18Apr2026 17:17:44.097] [Server thread/INFO] [net.minecraft.server.MinecraftServer/]: ThreadedAnvilChunkStorage (the_aether): All chunks are saved
[18Apr2026 17:17:44.097] [Server thread/INFO] [net.minecraft.server.MinecraftServer/]: ThreadedAnvilChunkStorage (twilight_forest): All chunks are saved
[18Apr2026 17:17:44.097] [Server thread/INFO] [net.minecraft.server.MinecraftServer/]: ThreadedAnvilChunkStorage: All dimensions are saved
[18Apr2026 17:17:44.563] [Server thread/INFO] [Framework/]: Unloading server configs...
[18Apr2026 17:17:44.563] [Server thread/INFO] [Framework/]: Finished unloading server configs
